<?xml version="1.0" encoding="UTF-8"?>
<testsuite xmlns:xsi="http://www.w3.org/2001/XMLSchema-instance" xsi:noNamespaceSchemaLocation="https://maven.apache.org/surefire/maven-surefire-plugin/xsd/surefire-test-report.xsd" name="com.howtodoinjava.example.springconfigserver.SpringConfigServerApplicationTests" time="0.008" tests="1" errors="1" skipped="0" failures="0">
  <properties>
[...]
</properties>
  <testcase name="initializationError" classname="com.howtodoinjava.example.springconfigserver.SpringConfigServerApplicationTests" time="0.004">
    <error message="Could not load CacheAwareContextLoaderDelegate [org.springframework.test.context.cache.DefaultCacheAwareContextLoaderDelegate]" type="java.lang.IllegalStateException">java.lang.IllegalStateException: Could not load CacheAwareContextLoaderDelegate [org.springframework.test.context.cache.DefaultCacheAwareContextLoaderDelegate]
Caused by: org.springframework.beans.BeanInstantiationException: Failed to instantiate [org.springframework.test.context.cache.DefaultCacheAwareContextLoaderDelegate]: Constructor threw exception; nested exception is java.lang.NoClassDefFoundError: org/springframework/core/io/support/SpringFactoriesLoader$FailureHandler
Caused by: java.lang.NoClassDefFoundError: org/springframework/core/io/support/SpringFactoriesLoader$FailureHandler
Caused by: java.lang.ClassNotFoundException: org.springframework.core.io.support.SpringFactoriesLoader$FailureHandler
</error>
  </testcase>
</testsuite>